


ARM Macro Assembler    Page 1 


    1 00000000         ;*******************************************************
                       ********************************************************
                       ***************************
    2 00000000         ; 文件名称: startup_SWM1800.s
    3 00000000         ; 功能说明: SWM1800单片机的启动文件
    4 00000000         ; 技术支持: http://www.synwit.com.cn/e/tool/gbook/?bid=1
                       
    5 00000000         ; 注意事项:
    6 00000000         ; 版本日期: V1.0.0  2016年1月30日
    7 00000000         ; 升级记录:
    8 00000000         ;
    9 00000000         ;
   10 00000000         ;*******************************************************
                       ********************************************************
                       ***************************
   11 00000000         ; @attention
   12 00000000         ;
   13 00000000         ; THE PRESENT FIRMWARE WHICH IS FOR GUIDANCE ONLY AIMS A
                       T PROVIDING CUSTOMERS WITH CODING INFORMATION
   14 00000000         ; REGARDING THEIR PRODUCTS IN ORDER FOR THEM TO SAVE TIM
                       E. AS A RESULT, SYNWIT SHALL NOT BE HELD LIABLE
   15 00000000         ; FOR ANY DIRECT, INDIRECT OR CONSEQUENTIAL DAMAGES WITH
                        RESPECT TO ANY CLAIMS ARISING FROM THE CONTENT
   16 00000000         ; OF SUCH FIRMWARE AND/OR THE USE MADE BY CUSTOMERS OF T
                       HE CODING INFORMATION CONTAINED HEREIN IN CONN-
   17 00000000         ; -ECTION WITH THEIR PRODUCTS.
   18 00000000         ;
   19 00000000         ; COPYRIGHT 2012 Synwit Technology
   20 00000000         ;*******************************************************
                       ********************************************************
                       ***************************
   21 00000000         
   22 00000000         
   23 00000000         ; Sram Switch Configuration
   24 00000000         ;    Code Size   Sram Size
   25 00000000         ; 0  16k    16k    Cache使能，程序存储器240K
   26 00000000         ; 1  8k    24k    Cache使能，程序存储器240K
   27 00000000         ; 4  16k      16k
   28 00000000         
   29 00000000 00000004 
                       SRAM_SWITCH
                               EQU              4           ;
   30 00000000         
   31 00000000         
   32 00000000         ; <h> Stack Configuration
   33 00000000         ;   <o> Stack Size (in Bytes) <0x0-0xFFFFFFFF:8>
   34 00000000         ; </h>
   35 00000000         
   36 00000000 00000400 
                       Stack_Size
                               EQU              0x400       ;
   37 00000000         
   38 00000000                 AREA             STACK, NOINIT, READWRITE, ALIGN
=3
   39 00000000         Stack_Mem
                               SPACE            Stack_Size
   40 00000400         __initial_sp
   41 00000400         
   42 00000400         



ARM Macro Assembler    Page 2 


   43 00000400         ; <h> Heap Configuration
   44 00000400         ;   <o>  Heap Size (in Bytes) <0x0-0xFFFFFFFF:8>
   45 00000400         ; </h>
   46 00000400         
   47 00000400 00000000 
                       Heap_Size
                               EQU              0x000       ;
   48 00000400         
   49 00000400                 AREA             HEAP, NOINIT, READWRITE, ALIGN=
3
   50 00000000         __heap_base
   51 00000000         Heap_Mem
                               SPACE            Heap_Size
   52 00000000         __heap_limit
   53 00000000         
   54 00000000         
   55 00000000                 PRESERVE8
   56 00000000                 THUMB
   57 00000000         
   58 00000000         ; Vector Table Mapped to Address 0 at Reset
   59 00000000         
   60 00000000                 AREA             RESET, CODE, READONLY
   61 00000000                 EXPORT           __Vectors
   62 00000000                 EXPORT           __Vectors_End
   63 00000000                 EXPORT           __Vectors_Size
   64 00000000         
   65 00000000 00000400 
                       __Vectors
                               DCD              Stack_Mem + Stack_Size 
                                                            ; Top of Stack
   66 00000004 00000000        DCD              Reset_Handler ; Reset Handler
   67 00000008 00000000        DCD              NMI_Handler ; NMI Handler
   68 0000000C 00000000        DCD              HardFault_Handler ; Hard Fault 
                                                            Handler
   69 00000010 00000000        DCD              0
   70 00000014 00000000        DCD              0
   71 00000018 00000000        DCD              0
   72 0000001C 00000000        DCD              0
   73 00000020 00000000        DCD              0
   74 00000024 00000000        DCD              0
   75 00000028                 IF               :DEF: FLASH_24K
   78 00000028 00000004        DCD              SRAM_SWITCH
   79 0000002C                 ENDIF
   80 0000002C 00000000        DCD              SVC_Handler ; SVCall Handler
   81 00000030 00000000        DCD              0
   82 00000034 00000000        DCD              0
   83 00000038 00000000        DCD              PendSV_Handler ; PendSV Handler
                                                            
   84 0000003C 00000000        DCD              SysTick_Handler 
                                                            ; SysTick Handler
   85 00000040         
   86 00000040         ; External Interrupts
   87 00000040 00000000        DCD              IRQ0_Handler
   88 00000044 00000000        DCD              IRQ1_Handler
   89 00000048 00000000        DCD              IRQ2_Handler
   90 0000004C 00000000        DCD              IRQ3_Handler
   91 00000050 00000000        DCD              IRQ4_Handler
   92 00000054 00000000        DCD              IRQ5_Handler
   93 00000058 00000000        DCD              IRQ6_Handler



ARM Macro Assembler    Page 3 


   94 0000005C 00000000        DCD              IRQ7_Handler
   95 00000060 00000000        DCD              IRQ8_Handler
   96 00000064 00000000        DCD              IRQ9_Handler
   97 00000068 00000000        DCD              IRQ10_Handler
   98 0000006C 00000000        DCD              IRQ11_Handler
   99 00000070 00000000        DCD              IRQ12_Handler
  100 00000074 00000000        DCD              IRQ13_Handler
  101 00000078 00000000        DCD              IRQ14_Handler
  102 0000007C 00000000        DCD              IRQ15_Handler
  103 00000080 00000000        DCD              IRQ16_Handler
  104 00000084 00000000        DCD              IRQ17_Handler
  105 00000088 00000000        DCD              IRQ18_Handler
  106 0000008C 00000000        DCD              IRQ19_Handler
  107 00000090 00000000        DCD              IRQ20_Handler
  108 00000094 00000000        DCD              IRQ21_Handler
  109 00000098 00000000        DCD              IRQ22_Handler
  110 0000009C 00000000        DCD              IRQ23_Handler
  111 000000A0 00000000        DCD              IRQ24_Handler
  112 000000A4 00000000        DCD              IRQ25_Handler
  113 000000A8 00000000        DCD              IRQ26_Handler
  114 000000AC 00000000        DCD              IRQ27_Handler
  115 000000B0 00000000        DCD              IRQ28_Handler
  116 000000B4 00000000        DCD              IRQ29_Handler
  117 000000B8 00000000        DCD              IRQ30_Handler
  118 000000BC 00000000        DCD              IRQ31_Handler
  119 000000C0         
  120 000000C0         __Vectors_End
  121 000000C0         
  122 000000C0 000000C0 
                       __Vectors_Size
                               EQU              __Vectors_End - __Vectors
  123 000000C0         
  124 000000C0         
  125 000000C0         Reset_Handler
                               PROC
  126 000000C0                 EXPORT           Reset_Handler   [WEAK]
  127 000000C0                 IMPORT           __main
  128 000000C0         
  129 000000C0                 IF               :DEF: FLASH_24K
  171                          ENDIF
  172 000000C0         
  173 000000C0 4800            LDR              R0, =__main
  174 000000C2 4700            BX               R0
  175 000000C4                 ENDP
  176 000000C4         
  177 000000C4         
  178 000000C4         
  179 000000C4 00000000        AREA             |.text|, CODE, READONLY
  180 00000000         
  181 00000000         ; Dummy Exception Handlers (infinite loops which can be 
                       modified)
  182 00000000         
  183 00000000         NMI_Handler
                               PROC
  184 00000000                 EXPORT           NMI_Handler    [WEAK]
  185 00000000 E7FE            B                .
  186 00000002                 ENDP
  187 00000002         
  188 00000002         HardFault_Handler



ARM Macro Assembler    Page 4 


                               PROC
  189 00000002                 EXPORT           HardFault_Handler  [WEAK]
  190 00000002 E7FE            B                .
  191 00000004                 ENDP
  192 00000004         
  193 00000004         SVC_Handler
                               PROC
  194 00000004                 EXPORT           SVC_Handler       [WEAK]
  195 00000004 E7FE            B                .
  196 00000006                 ENDP
  197 00000006         
  198 00000006         PendSV_Handler
                               PROC
  199 00000006                 EXPORT           PendSV_Handler   [WEAK]
  200 00000006 E7FE            B                .
  201 00000008                 ENDP
  202 00000008         
  203 00000008         SysTick_Handler
                               PROC
  204 00000008                 EXPORT           SysTick_Handler      [WEAK]
  205 00000008 E7FE            B                .
  206 0000000A                 ENDP
  207 0000000A         
  208 0000000A         IRQ0_Handler
                               PROC
  209 0000000A                 EXPORT           IRQ0_Handler      [WEAK]
  210 0000000A E7FE            B                .
  211 0000000C                 ENDP
  212 0000000C         
  213 0000000C         IRQ1_Handler
                               PROC
  214 0000000C                 EXPORT           IRQ1_Handler      [WEAK]
  215 0000000C E7FE            B                .
  216 0000000E                 ENDP
  217 0000000E         
  218 0000000E         IRQ2_Handler
                               PROC
  219 0000000E                 EXPORT           IRQ2_Handler      [WEAK]
  220 0000000E E7FE            B                .
  221 00000010                 ENDP
  222 00000010         
  223 00000010         IRQ3_Handler
                               PROC
  224 00000010                 EXPORT           IRQ3_Handler      [WEAK]
  225 00000010 E7FE            B                .
  226 00000012                 ENDP
  227 00000012         
  228 00000012         IRQ4_Handler
                               PROC
  229 00000012                 EXPORT           IRQ4_Handler      [WEAK]
  230 00000012 E7FE            B                .
  231 00000014                 ENDP
  232 00000014         
  233 00000014         IRQ5_Handler
                               PROC
  234 00000014                 EXPORT           IRQ5_Handler      [WEAK]
  235 00000014 E7FE            B                .
  236 00000016                 ENDP
  237 00000016         



ARM Macro Assembler    Page 5 


  238 00000016         IRQ6_Handler
                               PROC
  239 00000016                 EXPORT           IRQ6_Handler      [WEAK]
  240 00000016 E7FE            B                .
  241 00000018                 ENDP
  242 00000018         
  243 00000018         IRQ7_Handler
                               PROC
  244 00000018                 EXPORT           IRQ7_Handler      [WEAK]
  245 00000018 E7FE            B                .
  246 0000001A                 ENDP
  247 0000001A         
  248 0000001A         IRQ8_Handler
                               PROC
  249 0000001A                 EXPORT           IRQ8_Handler      [WEAK]
  250 0000001A E7FE            B                .
  251 0000001C                 ENDP
  252 0000001C         
  253 0000001C         IRQ9_Handler
                               PROC
  254 0000001C                 EXPORT           IRQ9_Handler      [WEAK]
  255 0000001C E7FE            B                .
  256 0000001E                 ENDP
  257 0000001E         
  258 0000001E         IRQ10_Handler
                               PROC
  259 0000001E                 EXPORT           IRQ10_Handler     [WEAK]
  260 0000001E E7FE            B                .
  261 00000020                 ENDP
  262 00000020         
  263 00000020         IRQ11_Handler
                               PROC
  264 00000020                 EXPORT           IRQ11_Handler     [WEAK]
  265 00000020 E7FE            B                .
  266 00000022                 ENDP
  267 00000022         
  268 00000022         IRQ12_Handler
                               PROC
  269 00000022                 EXPORT           IRQ12_Handler     [WEAK]
  270 00000022 E7FE            B                .
  271 00000024                 ENDP
  272 00000024         
  273 00000024         IRQ13_Handler
                               PROC
  274 00000024                 EXPORT           IRQ13_Handler     [WEAK]
  275 00000024 E7FE            B                .
  276 00000026                 ENDP
  277 00000026         
  278 00000026         IRQ14_Handler
                               PROC
  279 00000026                 EXPORT           IRQ14_Handler     [WEAK]
  280 00000026 E7FE            B                .
  281 00000028                 ENDP
  282 00000028         
  283 00000028         IRQ15_Handler
                               PROC
  284 00000028                 EXPORT           IRQ15_Handler     [WEAK]
  285 00000028 E7FE            B                .
  286 0000002A                 ENDP



ARM Macro Assembler    Page 6 


  287 0000002A         
  288 0000002A         IRQ16_Handler
                               PROC
  289 0000002A                 EXPORT           IRQ16_Handler     [WEAK]
  290 0000002A E7FE            B                .
  291 0000002C                 ENDP
  292 0000002C         
  293 0000002C         IRQ17_Handler
                               PROC
  294 0000002C                 EXPORT           IRQ17_Handler      [WEAK]
  295 0000002C E7FE            B                .
  296 0000002E                 ENDP
  297 0000002E         
  298 0000002E         IRQ18_Handler
                               PROC
  299 0000002E                 EXPORT           IRQ18_Handler      [WEAK]
  300 0000002E E7FE            B                .
  301 00000030                 ENDP
  302 00000030         
  303 00000030         IRQ19_Handler
                               PROC
  304 00000030                 EXPORT           IRQ19_Handler      [WEAK]
  305 00000030 E7FE            B                .
  306 00000032                 ENDP
  307 00000032         
  308 00000032         IRQ20_Handler
                               PROC
  309 00000032                 EXPORT           IRQ20_Handler      [WEAK]
  310 00000032 E7FE            B                .
  311 00000034                 ENDP
  312 00000034         
  313 00000034         IRQ21_Handler
                               PROC
  314 00000034                 EXPORT           IRQ21_Handler      [WEAK]
  315 00000034 E7FE            B                .
  316 00000036                 ENDP
  317 00000036         
  318 00000036         IRQ22_Handler
                               PROC
  319 00000036                 EXPORT           IRQ22_Handler      [WEAK]
  320 00000036 E7FE            B                .
  321 00000038                 ENDP
  322 00000038         
  323 00000038         IRQ23_Handler
                               PROC
  324 00000038                 EXPORT           IRQ23_Handler      [WEAK]
  325 00000038 E7FE            B                .
  326 0000003A                 ENDP
  327 0000003A         
  328 0000003A         IRQ24_Handler
                               PROC
  329 0000003A                 EXPORT           IRQ24_Handler      [WEAK]
  330 0000003A E7FE            B                .
  331 0000003C                 ENDP
  332 0000003C         
  333 0000003C         IRQ25_Handler
                               PROC
  334 0000003C                 EXPORT           IRQ25_Handler      [WEAK]
  335 0000003C E7FE            B                .



ARM Macro Assembler    Page 7 


  336 0000003E                 ENDP
  337 0000003E         
  338 0000003E         IRQ26_Handler
                               PROC
  339 0000003E                 EXPORT           IRQ26_Handler      [WEAK]
  340 0000003E E7FE            B                .
  341 00000040                 ENDP
  342 00000040         
  343 00000040         IRQ27_Handler
                               PROC
  344 00000040                 EXPORT           IRQ27_Handler      [WEAK]
  345 00000040 E7FE            B                .
  346 00000042                 ENDP
  347 00000042 00 00           ALIGN
  348 00000044         
  349 00000044         IRQ28_Handler
                               PROC
  350 00000044                 EXPORT           IRQ28_Handler      [WEAK]
  351 00000044 E7FE            B                .
  352 00000046                 ENDP
  353 00000046 00 00           ALIGN
  354 00000048         
  355 00000048         IRQ29_Handler
                               PROC
  356 00000048                 EXPORT           IRQ29_Handler      [WEAK]
  357 00000048 E7FE            B                .
  358 0000004A                 ENDP
  359 0000004A         IRQ30_Handler
                               PROC
  360 0000004A                 EXPORT           IRQ30_Handler      [WEAK]
  361 0000004A E7FE            B                .
  362 0000004C                 ENDP
  363 0000004C         
  364 0000004C         IRQ31_Handler
                               PROC
  365 0000004C                 EXPORT           IRQ31_Handler      [WEAK]
  366 0000004C E7FE            B                .
  367 0000004E                 ENDP
  368 0000004E 00 00           ALIGN
  369 00000050         
  370 00000050         
  371 00000050         
  372 00000050         ; User Initial Stack & Heap
  373 00000050         
  374 00000050                 IF               :DEF:__MICROLIB
  375 00000050         
  376 00000050                 EXPORT           __initial_sp
  377 00000050                 EXPORT           __heap_base
  378 00000050                 EXPORT           __heap_limit
  379 00000050         
  380 00000050                 ELSE
  394                          ENDIF
  395 00000050         
  396 00000050         
  397 00000050                 END
Command Line: --debug --xref --diag_suppress=9931 --cpu=Cortex-M0 --apcs=interw
ork --depend=.\out\startup_swm1800.d -o.\out\startup_swm1800.o -IC:\Keil_v5\ARM
\RV31\INC -IC:\Keil_v5\ARM\CMSIS\Include --predefine="__MICROLIB SETA 1" --pred
efine="__UVISION_VERSION SETA 515" --list=.\out\startup_swm1800.lst CSL\CMSIS\D



ARM Macro Assembler    Page 8 


eviceSupport\startup\arm\startup_SWM1800.s



ARM Macro Assembler    Page 1 Alphabetic symbol ordering
Relocatable symbols

STACK 00000000

Symbol: STACK
   Definitions
      At line 38 in file CSL\CMSIS\DeviceSupport\startup\arm\startup_SWM1800.s
   Uses
      None
Comment: STACK unused
Stack_Mem 00000000

Symbol: Stack_Mem
   Definitions
      At line 39 in file CSL\CMSIS\DeviceSupport\startup\arm\startup_SWM1800.s
   Uses
      At line 65 in file CSL\CMSIS\DeviceSupport\startup\arm\startup_SWM1800.s
Comment: Stack_Mem used once
__initial_sp 00000400

Symbol: __initial_sp
   Definitions
      At line 40 in file CSL\CMSIS\DeviceSupport\startup\arm\startup_SWM1800.s
   Uses
      At line 376 in file CSL\CMSIS\DeviceSupport\startup\arm\startup_SWM1800.s
Comment: __initial_sp used once
3 symbols



ARM Macro Assembler    Page 1 Alphabetic symbol ordering
Relocatable symbols

HEAP 00000000

Symbol: HEAP
   Definitions
      At line 49 in file CSL\CMSIS\DeviceSupport\startup\arm\startup_SWM1800.s
   Uses
      None
Comment: HEAP unused
Heap_Mem 00000000

Symbol: Heap_Mem
   Definitions
      At line 51 in file CSL\CMSIS\DeviceSupport\startup\arm\startup_SWM1800.s
   Uses
      None
Comment: Heap_Mem unused
__heap_base 00000000

Symbol: __heap_base
   Definitions
      At line 50 in file CSL\CMSIS\DeviceSupport\startup\arm\startup_SWM1800.s
   Uses
      At line 377 in file CSL\CMSIS\DeviceSupport\startup\arm\startup_SWM1800.s
Comment: __heap_base used once
__heap_limit 00000000

Symbol: __heap_limit
   Definitions
      At line 52 in file CSL\CMSIS\DeviceSupport\startup\arm\startup_SWM1800.s
   Uses
      At line 378 in file CSL\CMSIS\DeviceSupport\startup\arm\startup_SWM1800.s
Comment: __heap_limit used once
4 symbols



ARM Macro Assembler    Page 1 Alphabetic symbol ordering
Relocatable symbols

RESET 00000000

Symbol: RESET
   Definitions
      At line 60 in file CSL\CMSIS\DeviceSupport\startup\arm\startup_SWM1800.s
   Uses
      None
Comment: RESET unused
Reset_Handler 000000C0

Symbol: Reset_Handler
   Definitions
      At line 125 in file CSL\CMSIS\DeviceSupport\startup\arm\startup_SWM1800.s
   Uses
      At line 66 in file CSL\CMSIS\DeviceSupport\startup\arm\startup_SWM1800.s
      At line 126 in file CSL\CMSIS\DeviceSupport\startup\arm\startup_SWM1800.s

__Vectors 00000000

Symbol: __Vectors
   Definitions
      At line 65 in file CSL\CMSIS\DeviceSupport\startup\arm\startup_SWM1800.s
   Uses
      At line 61 in file CSL\CMSIS\DeviceSupport\startup\arm\startup_SWM1800.s
      At line 122 in file CSL\CMSIS\DeviceSupport\startup\arm\startup_SWM1800.s

__Vectors_End 000000C0

Symbol: __Vectors_End
   Definitions
      At line 120 in file CSL\CMSIS\DeviceSupport\startup\arm\startup_SWM1800.s
   Uses
      At line 62 in file CSL\CMSIS\DeviceSupport\startup\arm\startup_SWM1800.s
      At line 122 in file CSL\CMSIS\DeviceSupport\startup\arm\startup_SWM1800.s

4 symbols



ARM Macro Assembler    Page 1 Alphabetic symbol ordering
Relocatable symbols

.text 00000000

Symbol: .text
   Definitions
      At line 179 in file CSL\CMSIS\DeviceSupport\startup\arm\startup_SWM1800.s
   Uses
      None
Comment: .text unused
HardFault_Handler 00000002

Symbol: HardFault_Handler
   Definitions
      At line 188 in file CSL\CMSIS\DeviceSupport\startup\arm\startup_SWM1800.s
   Uses
      At line 68 in file CSL\CMSIS\DeviceSupport\startup\arm\startup_SWM1800.s
      At line 189 in file CSL\CMSIS\DeviceSupport\startup\arm\startup_SWM1800.s

IRQ0_Handler 0000000A

Symbol: IRQ0_Handler
   Definitions
      At line 208 in file CSL\CMSIS\DeviceSupport\startup\arm\startup_SWM1800.s
   Uses
      At line 87 in file CSL\CMSIS\DeviceSupport\startup\arm\startup_SWM1800.s
      At line 209 in file CSL\CMSIS\DeviceSupport\startup\arm\startup_SWM1800.s

IRQ10_Handler 0000001E

Symbol: IRQ10_Handler
   Definitions
      At line 258 in file CSL\CMSIS\DeviceSupport\startup\arm\startup_SWM1800.s
   Uses
      At line 97 in file CSL\CMSIS\DeviceSupport\startup\arm\startup_SWM1800.s
      At line 259 in file CSL\CMSIS\DeviceSupport\startup\arm\startup_SWM1800.s

IRQ11_Handler 00000020

Symbol: IRQ11_Handler
   Definitions
      At line 263 in file CSL\CMSIS\DeviceSupport\startup\arm\startup_SWM1800.s
   Uses
      At line 98 in file CSL\CMSIS\DeviceSupport\startup\arm\startup_SWM1800.s
      At line 264 in file CSL\CMSIS\DeviceSupport\startup\arm\startup_SWM1800.s

IRQ12_Handler 00000022

Symbol: IRQ12_Handler
   Definitions
      At line 268 in file CSL\CMSIS\DeviceSupport\startup\arm\startup_SWM1800.s
   Uses
      At line 99 in file CSL\CMSIS\DeviceSupport\startup\arm\startup_SWM1800.s
      At line 269 in file CSL\CMSIS\DeviceSupport\startup\arm\startup_SWM1800.s

IRQ13_Handler 00000024

Symbol: IRQ13_Handler
   Definitions
      At line 273 in file CSL\CMSIS\DeviceSupport\startup\arm\startup_SWM1800.s
   Uses



ARM Macro Assembler    Page 2 Alphabetic symbol ordering
Relocatable symbols

      At line 100 in file CSL\CMSIS\DeviceSupport\startup\arm\startup_SWM1800.s
      At line 274 in file CSL\CMSIS\DeviceSupport\startup\arm\startup_SWM1800.s

IRQ14_Handler 00000026

Symbol: IRQ14_Handler
   Definitions
      At line 278 in file CSL\CMSIS\DeviceSupport\startup\arm\startup_SWM1800.s
   Uses
      At line 101 in file CSL\CMSIS\DeviceSupport\startup\arm\startup_SWM1800.s
      At line 279 in file CSL\CMSIS\DeviceSupport\startup\arm\startup_SWM1800.s

IRQ15_Handler 00000028

Symbol: IRQ15_Handler
   Definitions
      At line 283 in file CSL\CMSIS\DeviceSupport\startup\arm\startup_SWM1800.s
   Uses
      At line 102 in file CSL\CMSIS\DeviceSupport\startup\arm\startup_SWM1800.s
      At line 284 in file CSL\CMSIS\DeviceSupport\startup\arm\startup_SWM1800.s

IRQ16_Handler 0000002A

Symbol: IRQ16_Handler
   Definitions
      At line 288 in file CSL\CMSIS\DeviceSupport\startup\arm\startup_SWM1800.s
   Uses
      At line 103 in file CSL\CMSIS\DeviceSupport\startup\arm\startup_SWM1800.s
      At line 289 in file CSL\CMSIS\DeviceSupport\startup\arm\startup_SWM1800.s

IRQ17_Handler 0000002C

Symbol: IRQ17_Handler
   Definitions
      At line 293 in file CSL\CMSIS\DeviceSupport\startup\arm\startup_SWM1800.s
   Uses
      At line 104 in file CSL\CMSIS\DeviceSupport\startup\arm\startup_SWM1800.s
      At line 294 in file CSL\CMSIS\DeviceSupport\startup\arm\startup_SWM1800.s

IRQ18_Handler 0000002E

Symbol: IRQ18_Handler
   Definitions
      At line 298 in file CSL\CMSIS\DeviceSupport\startup\arm\startup_SWM1800.s
   Uses
      At line 105 in file CSL\CMSIS\DeviceSupport\startup\arm\startup_SWM1800.s
      At line 299 in file CSL\CMSIS\DeviceSupport\startup\arm\startup_SWM1800.s

IRQ19_Handler 00000030

Symbol: IRQ19_Handler
   Definitions
      At line 303 in file CSL\CMSIS\DeviceSupport\startup\arm\startup_SWM1800.s
   Uses
      At line 106 in file CSL\CMSIS\DeviceSupport\startup\arm\startup_SWM1800.s
      At line 304 in file CSL\CMSIS\DeviceSupport\startup\arm\startup_SWM1800.s

IRQ1_Handler 0000000C




ARM Macro Assembler    Page 3 Alphabetic symbol ordering
Relocatable symbols

Symbol: IRQ1_Handler
   Definitions
      At line 213 in file CSL\CMSIS\DeviceSupport\startup\arm\startup_SWM1800.s
   Uses
      At line 88 in file CSL\CMSIS\DeviceSupport\startup\arm\startup_SWM1800.s
      At line 214 in file CSL\CMSIS\DeviceSupport\startup\arm\startup_SWM1800.s

IRQ20_Handler 00000032

Symbol: IRQ20_Handler
   Definitions
      At line 308 in file CSL\CMSIS\DeviceSupport\startup\arm\startup_SWM1800.s
   Uses
      At line 107 in file CSL\CMSIS\DeviceSupport\startup\arm\startup_SWM1800.s
      At line 309 in file CSL\CMSIS\DeviceSupport\startup\arm\startup_SWM1800.s

IRQ21_Handler 00000034

Symbol: IRQ21_Handler
   Definitions
      At line 313 in file CSL\CMSIS\DeviceSupport\startup\arm\startup_SWM1800.s
   Uses
      At line 108 in file CSL\CMSIS\DeviceSupport\startup\arm\startup_SWM1800.s
      At line 314 in file CSL\CMSIS\DeviceSupport\startup\arm\startup_SWM1800.s

IRQ22_Handler 00000036

Symbol: IRQ22_Handler
   Definitions
      At line 318 in file CSL\CMSIS\DeviceSupport\startup\arm\startup_SWM1800.s
   Uses
      At line 109 in file CSL\CMSIS\DeviceSupport\startup\arm\startup_SWM1800.s
      At line 319 in file CSL\CMSIS\DeviceSupport\startup\arm\startup_SWM1800.s

IRQ23_Handler 00000038

Symbol: IRQ23_Handler
   Definitions
      At line 323 in file CSL\CMSIS\DeviceSupport\startup\arm\startup_SWM1800.s
   Uses
      At line 110 in file CSL\CMSIS\DeviceSupport\startup\arm\startup_SWM1800.s
      At line 324 in file CSL\CMSIS\DeviceSupport\startup\arm\startup_SWM1800.s

IRQ24_Handler 0000003A

Symbol: IRQ24_Handler
   Definitions
      At line 328 in file CSL\CMSIS\DeviceSupport\startup\arm\startup_SWM1800.s
   Uses
      At line 111 in file CSL\CMSIS\DeviceSupport\startup\arm\startup_SWM1800.s
      At line 329 in file CSL\CMSIS\DeviceSupport\startup\arm\startup_SWM1800.s

IRQ25_Handler 0000003C

Symbol: IRQ25_Handler
   Definitions
      At line 333 in file CSL\CMSIS\DeviceSupport\startup\arm\startup_SWM1800.s
   Uses
      At line 112 in file CSL\CMSIS\DeviceSupport\startup\arm\startup_SWM1800.s



ARM Macro Assembler    Page 4 Alphabetic symbol ordering
Relocatable symbols

      At line 334 in file CSL\CMSIS\DeviceSupport\startup\arm\startup_SWM1800.s

IRQ26_Handler 0000003E

Symbol: IRQ26_Handler
   Definitions
      At line 338 in file CSL\CMSIS\DeviceSupport\startup\arm\startup_SWM1800.s
   Uses
      At line 113 in file CSL\CMSIS\DeviceSupport\startup\arm\startup_SWM1800.s
      At line 339 in file CSL\CMSIS\DeviceSupport\startup\arm\startup_SWM1800.s

IRQ27_Handler 00000040

Symbol: IRQ27_Handler
   Definitions
      At line 343 in file CSL\CMSIS\DeviceSupport\startup\arm\startup_SWM1800.s
   Uses
      At line 114 in file CSL\CMSIS\DeviceSupport\startup\arm\startup_SWM1800.s
      At line 344 in file CSL\CMSIS\DeviceSupport\startup\arm\startup_SWM1800.s

IRQ28_Handler 00000044

Symbol: IRQ28_Handler
   Definitions
      At line 349 in file CSL\CMSIS\DeviceSupport\startup\arm\startup_SWM1800.s
   Uses
      At line 115 in file CSL\CMSIS\DeviceSupport\startup\arm\startup_SWM1800.s
      At line 350 in file CSL\CMSIS\DeviceSupport\startup\arm\startup_SWM1800.s

IRQ29_Handler 00000048

Symbol: IRQ29_Handler
   Definitions
      At line 355 in file CSL\CMSIS\DeviceSupport\startup\arm\startup_SWM1800.s
   Uses
      At line 116 in file CSL\CMSIS\DeviceSupport\startup\arm\startup_SWM1800.s
      At line 356 in file CSL\CMSIS\DeviceSupport\startup\arm\startup_SWM1800.s

IRQ2_Handler 0000000E

Symbol: IRQ2_Handler
   Definitions
      At line 218 in file CSL\CMSIS\DeviceSupport\startup\arm\startup_SWM1800.s
   Uses
      At line 89 in file CSL\CMSIS\DeviceSupport\startup\arm\startup_SWM1800.s
      At line 219 in file CSL\CMSIS\DeviceSupport\startup\arm\startup_SWM1800.s

IRQ30_Handler 0000004A

Symbol: IRQ30_Handler
   Definitions
      At line 359 in file CSL\CMSIS\DeviceSupport\startup\arm\startup_SWM1800.s
   Uses
      At line 117 in file CSL\CMSIS\DeviceSupport\startup\arm\startup_SWM1800.s
      At line 360 in file CSL\CMSIS\DeviceSupport\startup\arm\startup_SWM1800.s

IRQ31_Handler 0000004C

Symbol: IRQ31_Handler



ARM Macro Assembler    Page 5 Alphabetic symbol ordering
Relocatable symbols

   Definitions
      At line 364 in file CSL\CMSIS\DeviceSupport\startup\arm\startup_SWM1800.s
   Uses
      At line 118 in file CSL\CMSIS\DeviceSupport\startup\arm\startup_SWM1800.s
      At line 365 in file CSL\CMSIS\DeviceSupport\startup\arm\startup_SWM1800.s

IRQ3_Handler 00000010

Symbol: IRQ3_Handler
   Definitions
      At line 223 in file CSL\CMSIS\DeviceSupport\startup\arm\startup_SWM1800.s
   Uses
      At line 90 in file CSL\CMSIS\DeviceSupport\startup\arm\startup_SWM1800.s
      At line 224 in file CSL\CMSIS\DeviceSupport\startup\arm\startup_SWM1800.s

IRQ4_Handler 00000012

Symbol: IRQ4_Handler
   Definitions
      At line 228 in file CSL\CMSIS\DeviceSupport\startup\arm\startup_SWM1800.s
   Uses
      At line 91 in file CSL\CMSIS\DeviceSupport\startup\arm\startup_SWM1800.s
      At line 229 in file CSL\CMSIS\DeviceSupport\startup\arm\startup_SWM1800.s

IRQ5_Handler 00000014

Symbol: IRQ5_Handler
   Definitions
      At line 233 in file CSL\CMSIS\DeviceSupport\startup\arm\startup_SWM1800.s
   Uses
      At line 92 in file CSL\CMSIS\DeviceSupport\startup\arm\startup_SWM1800.s
      At line 234 in file CSL\CMSIS\DeviceSupport\startup\arm\startup_SWM1800.s

IRQ6_Handler 00000016

Symbol: IRQ6_Handler
   Definitions
      At line 238 in file CSL\CMSIS\DeviceSupport\startup\arm\startup_SWM1800.s
   Uses
      At line 93 in file CSL\CMSIS\DeviceSupport\startup\arm\startup_SWM1800.s
      At line 239 in file CSL\CMSIS\DeviceSupport\startup\arm\startup_SWM1800.s

IRQ7_Handler 00000018

Symbol: IRQ7_Handler
   Definitions
      At line 243 in file CSL\CMSIS\DeviceSupport\startup\arm\startup_SWM1800.s
   Uses
      At line 94 in file CSL\CMSIS\DeviceSupport\startup\arm\startup_SWM1800.s
      At line 244 in file CSL\CMSIS\DeviceSupport\startup\arm\startup_SWM1800.s

IRQ8_Handler 0000001A

Symbol: IRQ8_Handler
   Definitions
      At line 248 in file CSL\CMSIS\DeviceSupport\startup\arm\startup_SWM1800.s
   Uses
      At line 95 in file CSL\CMSIS\DeviceSupport\startup\arm\startup_SWM1800.s
      At line 249 in file CSL\CMSIS\DeviceSupport\startup\arm\startup_SWM1800.s



ARM Macro Assembler    Page 6 Alphabetic symbol ordering
Relocatable symbols


IRQ9_Handler 0000001C

Symbol: IRQ9_Handler
   Definitions
      At line 253 in file CSL\CMSIS\DeviceSupport\startup\arm\startup_SWM1800.s
   Uses
      At line 96 in file CSL\CMSIS\DeviceSupport\startup\arm\startup_SWM1800.s
      At line 254 in file CSL\CMSIS\DeviceSupport\startup\arm\startup_SWM1800.s

NMI_Handler 00000000

Symbol: NMI_Handler
   Definitions
      At line 183 in file CSL\CMSIS\DeviceSupport\startup\arm\startup_SWM1800.s
   Uses
      At line 67 in file CSL\CMSIS\DeviceSupport\startup\arm\startup_SWM1800.s
      At line 184 in file CSL\CMSIS\DeviceSupport\startup\arm\startup_SWM1800.s

PendSV_Handler 00000006

Symbol: PendSV_Handler
   Definitions
      At line 198 in file CSL\CMSIS\DeviceSupport\startup\arm\startup_SWM1800.s
   Uses
      At line 83 in file CSL\CMSIS\DeviceSupport\startup\arm\startup_SWM1800.s
      At line 199 in file CSL\CMSIS\DeviceSupport\startup\arm\startup_SWM1800.s

SVC_Handler 00000004

Symbol: SVC_Handler
   Definitions
      At line 193 in file CSL\CMSIS\DeviceSupport\startup\arm\startup_SWM1800.s
   Uses
      At line 80 in file CSL\CMSIS\DeviceSupport\startup\arm\startup_SWM1800.s
      At line 194 in file CSL\CMSIS\DeviceSupport\startup\arm\startup_SWM1800.s

SysTick_Handler 00000008

Symbol: SysTick_Handler
   Definitions
      At line 203 in file CSL\CMSIS\DeviceSupport\startup\arm\startup_SWM1800.s
   Uses
      At line 84 in file CSL\CMSIS\DeviceSupport\startup\arm\startup_SWM1800.s
      At line 204 in file CSL\CMSIS\DeviceSupport\startup\arm\startup_SWM1800.s

38 symbols



ARM Macro Assembler    Page 1 Alphabetic symbol ordering
Absolute symbols

Heap_Size 00000000

Symbol: Heap_Size
   Definitions
      At line 47 in file CSL\CMSIS\DeviceSupport\startup\arm\startup_SWM1800.s
   Uses
      At line 51 in file CSL\CMSIS\DeviceSupport\startup\arm\startup_SWM1800.s
Comment: Heap_Size used once
SRAM_SWITCH 00000004

Symbol: SRAM_SWITCH
   Definitions
      At line 29 in file CSL\CMSIS\DeviceSupport\startup\arm\startup_SWM1800.s
   Uses
      At line 78 in file CSL\CMSIS\DeviceSupport\startup\arm\startup_SWM1800.s
Comment: SRAM_SWITCH used once
Stack_Size 00000400

Symbol: Stack_Size
   Definitions
      At line 36 in file CSL\CMSIS\DeviceSupport\startup\arm\startup_SWM1800.s
   Uses
      At line 39 in file CSL\CMSIS\DeviceSupport\startup\arm\startup_SWM1800.s
      At line 65 in file CSL\CMSIS\DeviceSupport\startup\arm\startup_SWM1800.s

__Vectors_Size 000000C0

Symbol: __Vectors_Size
   Definitions
      At line 122 in file CSL\CMSIS\DeviceSupport\startup\arm\startup_SWM1800.s
   Uses
      At line 63 in file CSL\CMSIS\DeviceSupport\startup\arm\startup_SWM1800.s
Comment: __Vectors_Size used once
4 symbols



ARM Macro Assembler    Page 1 Alphabetic symbol ordering
External symbols

__main 00000000

Symbol: __main
   Definitions
      At line 127 in file CSL\CMSIS\DeviceSupport\startup\arm\startup_SWM1800.s
   Uses
      At line 173 in file CSL\CMSIS\DeviceSupport\startup\arm\startup_SWM1800.s
Comment: __main used once
1 symbol
392 symbols in table
